<?xml version="1.0" encoding="UTF-8"?>
<testng-results skipped="0" failed="0" ignored="0" total="1" passed="1">
  <reporter-output>
  </reporter-output>
  <suite name="Default suite" duration-ms="86305" started-at="2020-10-11T18:05:03Z" finished-at="2020-10-11T18:06:29Z">
    <groups>
    </groups>
    <test name="Default test" duration-ms="86305" started-at="2020-10-11T18:05:03Z" finished-at="2020-10-11T18:06:29Z">
      <class name="LocalDemo.L10nTest">
        <test-method status="PASS" signature="setupClass()[pri:0, instance:LocalDemo.L10nTest@3108bc]" name="setupClass" is-config="true" duration-ms="3231" started-at="2020-10-11T18:05:03Z" finished-at="2020-10-11T18:05:06Z">
          <reporter-output>
          </reporter-output>
        </test-method> <!-- setupClass -->
        <test-method status="PASS" signature="test()[pri:0, instance:LocalDemo.L10nTest@3108bc]" name="test" duration-ms="83052" started-at="2020-10-11T18:05:06Z" finished-at="2020-10-11T18:06:29Z">
          <reporter-output>
          </reporter-output>
        </test-method> <!-- test -->
      </class> <!-- LocalDemo.L10nTest -->
    </test> <!-- Default test -->
  </suite> <!-- Default suite -->
</testng-results>
